Generated at 2017-07-04 00:00:48 +0000
Mixlib::ShellOut::CommandTimeout: powershell_script[Install IIS] (webserver::default line 9) had an error: Mixlib::ShellOut::CommandTimeout: command timed out:
---- Begin output of "C:\Windows\system32\WindowsPowerShell\v1.0\powershell.exe" -NoLogo -NonInteractive -NoProfile -ExecutionPolicy Unrestricted -InputFormat None -File "C:/Users/gbergamo/AppData/Local/Temp/2/chef-script20170703-2180-1itizpp.ps1" ----
STDOUT: 
STDERR: 
---- End output of "C:\Windows\system32\WindowsPowerShell\v1.0\powershell.exe" -NoLogo -NonInteractive -NoProfile -ExecutionPolicy Unrestricted -InputFormat None -File "C:/Users/gbergamo/AppData/Local/Temp/2/chef-script20170703-2180-1itizpp.ps1" ----

ProcessId: 4044
app_name: C:\Windows\system32\WindowsPowerShell\v1.0\powershell.exe
command_line: "C:\Windows\system32\WindowsPowerShell\v1.0\powershell.exe" -NoLogo -NonInteractive -NoProfile -ExecutionPolicy Unrestricted -InputFormat None -File "C:/Users/gbergamo/AppData/Local/Temp/2/chef-script20170703-2180-1itizpp.ps1"
timeout: 3600
C:/opscode/chefdk/embedded/lib/ruby/gems/2.3.0/gems/mixlib-shellout-2.2.7-universal-mingw32/lib/mixlib/shellout/windows.rb:118:in `run_command'
C:/opscode/chefdk/embedded/lib/ruby/gems/2.3.0/gems/mixlib-shellout-2.2.7-universal-mingw32/lib/mixlib/shellout.rb:259:in `run_command'
C:/opscode/chefdk/embedded/lib/ruby/gems/2.3.0/gems/chef-12.21.2-universal-mingw32/lib/chef/mixin/shell_out.rb:191:in `shell_out_command'
C:/opscode/chefdk/embedded/lib/ruby/gems/2.3.0/gems/chef-12.21.2-universal-mingw32/lib/chef/mixin/shell_out.rb:112:in `shell_out'
C:/opscode/chefdk/embedded/lib/ruby/gems/2.3.0/gems/chef-12.21.2-universal-mingw32/lib/chef/mixin/shell_out.rb:117:in `shell_out!'
C:/opscode/chefdk/embedded/lib/ruby/gems/2.3.0/gems/chef-12.21.2-universal-mingw32/lib/chef/provider/execute.rb:62:in `block in action_run'
C:/opscode/chefdk/embedded/lib/ruby/gems/2.3.0/gems/chef-12.21.2-universal-mingw32/lib/chef/mixin/why_run.rb:52:in `add_action'
C:/opscode/chefdk/embedded/lib/ruby/gems/2.3.0/gems/chef-12.21.2-universal-mingw32/lib/chef/provider.rb:176:in `converge_by'
C:/opscode/chefdk/embedded/lib/ruby/gems/2.3.0/gems/chef-12.21.2-universal-mingw32/lib/chef/provider/execute.rb:60:in `action_run'
C:/opscode/chefdk/embedded/lib/ruby/gems/2.3.0/gems/chef-12.21.2-universal-mingw32/lib/chef/provider/script.rb:64:in `action_run'
C:/opscode/chefdk/embedded/lib/ruby/gems/2.3.0/gems/chef-12.21.2-universal-mingw32/lib/chef/provider/windows_script.rb:57:in `action_run'
C:/opscode/chefdk/embedded/lib/ruby/gems/2.3.0/gems/chef-12.21.2-universal-mingw32/lib/chef/provider/powershell_script.rb:35:in `action_run'
C:/opscode/chefdk/embedded/lib/ruby/gems/2.3.0/gems/chef-12.21.2-universal-mingw32/lib/chef/provider.rb:145:in `run_action'
C:/opscode/chefdk/embedded/lib/ruby/gems/2.3.0/gems/chef-12.21.2-universal-mingw32/lib/chef/resource.rb:622:in `run_action'
C:/opscode/chefdk/embedded/lib/ruby/gems/2.3.0/gems/chef-12.21.2-universal-mingw32/lib/chef/runner.rb:69:in `run_action'
C:/opscode/chefdk/embedded/lib/ruby/gems/2.3.0/gems/chef-12.21.2-universal-mingw32/lib/chef/runner.rb:97:in `block (2 levels) in converge'
C:/opscode/chefdk/embedded/lib/ruby/gems/2.3.0/gems/chef-12.21.2-universal-mingw32/lib/chef/runner.rb:97:in `each'
C:/opscode/chefdk/embedded/lib/ruby/gems/2.3.0/gems/chef-12.21.2-universal-mingw32/lib/chef/runner.rb:97:in `block in converge'
C:/opscode/chefdk/embedded/lib/ruby/gems/2.3.0/gems/chef-12.21.2-universal-mingw32/lib/chef/resource_collection/resource_list.rb:94:in `block in execute_each_resource'
C:/opscode/chefdk/embedded/lib/ruby/gems/2.3.0/gems/chef-12.21.2-universal-mingw32/lib/chef/resource_collection/stepable_iterator.rb:114:in `call_iterator_block'
C:/opscode/chefdk/embedded/lib/ruby/gems/2.3.0/gems/chef-12.21.2-universal-mingw32/lib/chef/resource_collection/stepable_iterator.rb:85:in `step'
C:/opscode/chefdk/embedded/lib/ruby/gems/2.3.0/gems/chef-12.21.2-universal-mingw32/lib/chef/resource_collection/stepable_iterator.rb:103:in `iterate'
C:/opscode/chefdk/embedded/lib/ruby/gems/2.3.0/gems/chef-12.21.2-universal-mingw32/lib/chef/resource_collection/stepable_iterator.rb:55:in `each_with_index'
C:/opscode/chefdk/embedded/lib/ruby/gems/2.3.0/gems/chef-12.21.2-universal-mingw32/lib/chef/resource_collection/resource_list.rb:92:in `execute_each_resource'
C:/opscode/chefdk/embedded/lib/ruby/gems/2.3.0/gems/chef-12.21.2-universal-mingw32/lib/chef/runner.rb:96:in `converge'
C:/opscode/chefdk/embedded/lib/ruby/gems/2.3.0/gems/chef-12.21.2-universal-mingw32/lib/chef/client.rb:715:in `block in converge'
C:/opscode/chefdk/embedded/lib/ruby/gems/2.3.0/gems/chef-12.21.2-universal-mingw32/lib/chef/client.rb:710:in `catch'
C:/opscode/chefdk/embedded/lib/ruby/gems/2.3.0/gems/chef-12.21.2-universal-mingw32/lib/chef/client.rb:710:in `converge'
C:/opscode/chefdk/embedded/lib/ruby/gems/2.3.0/gems/chef-12.21.2-universal-mingw32/lib/chef/client.rb:749:in `converge_and_save'
C:/opscode/chefdk/embedded/lib/ruby/gems/2.3.0/gems/chef-12.21.2-universal-mingw32/lib/chef/client.rb:286:in `run'
C:/opscode/chefdk/embedded/lib/ruby/gems/2.3.0/gems/chef-12.21.2-universal-mingw32/lib/chef/application.rb:277:in `run_with_graceful_exit_option'
C:/opscode/chefdk/embedded/lib/ruby/gems/2.3.0/gems/chef-12.21.2-universal-mingw32/lib/chef/application.rb:253:in `block in run_chef_client'
C:/opscode/chefdk/embedded/lib/ruby/gems/2.3.0/gems/chef-12.21.2-universal-mingw32/lib/chef/local_mode.rb:44:in `with_server_connectivity'
C:/opscode/chefdk/embedded/lib/ruby/gems/2.3.0/gems/chef-12.21.2-universal-mingw32/lib/chef/application.rb:236:in `run_chef_client'
C:/opscode/chefdk/embedded/lib/ruby/gems/2.3.0/gems/chef-12.21.2-universal-mingw32/lib/chef/application/client.rb:464:in `sleep_then_run_chef_client'
C:/opscode/chefdk/embedded/lib/ruby/gems/2.3.0/gems/chef-12.21.2-universal-mingw32/lib/chef/application/client.rb:451:in `block in interval_run_chef_client'
C:/opscode/chefdk/embedded/lib/ruby/gems/2.3.0/gems/chef-12.21.2-universal-mingw32/lib/chef/application/client.rb:450:in `loop'
C:/opscode/chefdk/embedded/lib/ruby/gems/2.3.0/gems/chef-12.21.2-universal-mingw32/lib/chef/application/client.rb:450:in `interval_run_chef_client'
C:/opscode/chefdk/embedded/lib/ruby/gems/2.3.0/gems/chef-12.21.2-universal-mingw32/lib/chef/application/client.rb:434:in `run_application'
C:/opscode/chefdk/embedded/lib/ruby/gems/2.3.0/gems/chef-12.21.2-universal-mingw32/lib/chef/application.rb:59:in `run'
C:/opscode/chefdk/embedded/lib/ruby/gems/2.3.0/gems/chef-12.21.2-universal-mingw32/bin/chef-client:26:in `<top (required)>'
C:/opscode/chefdk/bin/chef-client:68:in `load'
C:/opscode/chefdk/bin/chef-client:68:in `<main>'

>>>> Caused by Mixlib::ShellOut::CommandTimeout: command timed out:
---- Begin output of "C:\Windows\system32\WindowsPowerShell\v1.0\powershell.exe" -NoLogo -NonInteractive -NoProfile -ExecutionPolicy Unrestricted -InputFormat None -File "C:/Users/gbergamo/AppData/Local/Temp/2/chef-script20170703-2180-1itizpp.ps1" ----
STDOUT: 
STDERR: 
---- End output of "C:\Windows\system32\WindowsPowerShell\v1.0\powershell.exe" -NoLogo -NonInteractive -NoProfile -ExecutionPolicy Unrestricted -InputFormat None -File "C:/Users/gbergamo/AppData/Local/Temp/2/chef-script20170703-2180-1itizpp.ps1" ----

ProcessId: 4044
app_name: C:\Windows\system32\WindowsPowerShell\v1.0\powershell.exe
command_line: "C:\Windows\system32\WindowsPowerShell\v1.0\powershell.exe" -NoLogo -NonInteractive -NoProfile -ExecutionPolicy Unrestricted -InputFormat None -File "C:/Users/gbergamo/AppData/Local/Temp/2/chef-script20170703-2180-1itizpp.ps1"
timeout: 3600
C:/opscode/chefdk/embedded/lib/ruby/gems/2.3.0/gems/mixlib-shellout-2.2.7-universal-mingw32/lib/mixlib/shellout/windows.rb:118:in `run_command'
C:/opscode/chefdk/embedded/lib/ruby/gems/2.3.0/gems/mixlib-shellout-2.2.7-universal-mingw32/lib/mixlib/shellout.rb:259:in `run_command'
C:/opscode/chefdk/embedded/lib/ruby/gems/2.3.0/gems/chef-12.21.2-universal-mingw32/lib/chef/mixin/shell_out.rb:191:in `shell_out_command'
C:/opscode/chefdk/embedded/lib/ruby/gems/2.3.0/gems/chef-12.21.2-universal-mingw32/lib/chef/mixin/shell_out.rb:112:in `shell_out'
C:/opscode/chefdk/embedded/lib/ruby/gems/2.3.0/gems/chef-12.21.2-universal-mingw32/lib/chef/mixin/shell_out.rb:117:in `shell_out!'
C:/opscode/chefdk/embedded/lib/ruby/gems/2.3.0/gems/chef-12.21.2-universal-mingw32/lib/chef/provider/execute.rb:62:in `block in action_run'
C:/opscode/chefdk/embedded/lib/ruby/gems/2.3.0/gems/chef-12.21.2-universal-mingw32/lib/chef/mixin/why_run.rb:52:in `add_action'
C:/opscode/chefdk/embedded/lib/ruby/gems/2.3.0/gems/chef-12.21.2-universal-mingw32/lib/chef/provider.rb:176:in `converge_by'
C:/opscode/chefdk/embedded/lib/ruby/gems/2.3.0/gems/chef-12.21.2-universal-mingw32/lib/chef/provider/execute.rb:60:in `action_run'
C:/opscode/chefdk/embedded/lib/ruby/gems/2.3.0/gems/chef-12.21.2-universal-mingw32/lib/chef/provider/script.rb:64:in `action_run'
C:/opscode/chefdk/embedded/lib/ruby/gems/2.3.0/gems/chef-12.21.2-universal-mingw32/lib/chef/provider/windows_script.rb:57:in `action_run'
C:/opscode/chefdk/embedded/lib/ruby/gems/2.3.0/gems/chef-12.21.2-universal-mingw32/lib/chef/provider/powershell_script.rb:35:in `action_run'
C:/opscode/chefdk/embedded/lib/ruby/gems/2.3.0/gems/chef-12.21.2-universal-mingw32/lib/chef/provider.rb:145:in `run_action'
C:/opscode/chefdk/embedded/lib/ruby/gems/2.3.0/gems/chef-12.21.2-universal-mingw32/lib/chef/resource.rb:622:in `run_action'
C:/opscode/chefdk/embedded/lib/ruby/gems/2.3.0/gems/chef-12.21.2-universal-mingw32/lib/chef/runner.rb:69:in `run_action'
C:/opscode/chefdk/embedded/lib/ruby/gems/2.3.0/gems/chef-12.21.2-universal-mingw32/lib/chef/runner.rb:97:in `block (2 levels) in converge'
C:/opscode/chefdk/embedded/lib/ruby/gems/2.3.0/gems/chef-12.21.2-universal-mingw32/lib/chef/runner.rb:97:in `each'
C:/opscode/chefdk/embedded/lib/ruby/gems/2.3.0/gems/chef-12.21.2-universal-mingw32/lib/chef/runner.rb:97:in `block in converge'
C:/opscode/chefdk/embedded/lib/ruby/gems/2.3.0/gems/chef-12.21.2-universal-mingw32/lib/chef/resource_collection/resource_list.rb:94:in `block in execute_each_resource'
C:/opscode/chefdk/embedded/lib/ruby/gems/2.3.0/gems/chef-12.21.2-universal-mingw32/lib/chef/resource_collection/stepable_iterator.rb:114:in `call_iterator_block'
C:/opscode/chefdk/embedded/lib/ruby/gems/2.3.0/gems/chef-12.21.2-universal-mingw32/lib/chef/resource_collection/stepable_iterator.rb:85:in `step'
C:/opscode/chefdk/embedded/lib/ruby/gems/2.3.0/gems/chef-12.21.2-universal-mingw32/lib/chef/resource_collection/stepable_iterator.rb:103:in `iterate'
C:/opscode/chefdk/embedded/lib/ruby/gems/2.3.0/gems/chef-12.21.2-universal-mingw32/lib/chef/resource_collection/stepable_iterator.rb:55:in `each_with_index'
C:/opscode/chefdk/embedded/lib/ruby/gems/2.3.0/gems/chef-12.21.2-universal-mingw32/lib/chef/resource_collection/resource_list.rb:92:in `execute_each_resource'
C:/opscode/chefdk/embedded/lib/ruby/gems/2.3.0/gems/chef-12.21.2-universal-mingw32/lib/chef/runner.rb:96:in `converge'
C:/opscode/chefdk/embedded/lib/ruby/gems/2.3.0/gems/chef-12.21.2-universal-mingw32/lib/chef/client.rb:715:in `block in converge'
C:/opscode/chefdk/embedded/lib/ruby/gems/2.3.0/gems/chef-12.21.2-universal-mingw32/lib/chef/client.rb:710:in `catch'
C:/opscode/chefdk/embedded/lib/ruby/gems/2.3.0/gems/chef-12.21.2-universal-mingw32/lib/chef/client.rb:710:in `converge'
C:/opscode/chefdk/embedded/lib/ruby/gems/2.3.0/gems/chef-12.21.2-universal-mingw32/lib/chef/client.rb:749:in `converge_and_save'
C:/opscode/chefdk/embedded/lib/ruby/gems/2.3.0/gems/chef-12.21.2-universal-mingw32/lib/chef/client.rb:286:in `run'
C:/opscode/chefdk/embedded/lib/ruby/gems/2.3.0/gems/chef-12.21.2-universal-mingw32/lib/chef/application.rb:277:in `run_with_graceful_exit_option'
C:/opscode/chefdk/embedded/lib/ruby/gems/2.3.0/gems/chef-12.21.2-universal-mingw32/lib/chef/application.rb:253:in `block in run_chef_client'
C:/opscode/chefdk/embedded/lib/ruby/gems/2.3.0/gems/chef-12.21.2-universal-mingw32/lib/chef/local_mode.rb:44:in `with_server_connectivity'
C:/opscode/chefdk/embedded/lib/ruby/gems/2.3.0/gems/chef-12.21.2-universal-mingw32/lib/chef/application.rb:236:in `run_chef_client'
C:/opscode/chefdk/embedded/lib/ruby/gems/2.3.0/gems/chef-12.21.2-universal-mingw32/lib/chef/application/client.rb:464:in `sleep_then_run_chef_client'
C:/opscode/chefdk/embedded/lib/ruby/gems/2.3.0/gems/chef-12.21.2-universal-mingw32/lib/chef/application/client.rb:451:in `block in interval_run_chef_client'
C:/opscode/chefdk/embedded/lib/ruby/gems/2.3.0/gems/chef-12.21.2-universal-mingw32/lib/chef/application/client.rb:450:in `loop'
C:/opscode/chefdk/embedded/lib/ruby/gems/2.3.0/gems/chef-12.21.2-universal-mingw32/lib/chef/application/client.rb:450:in `interval_run_chef_client'
C:/opscode/chefdk/embedded/lib/ruby/gems/2.3.0/gems/chef-12.21.2-universal-mingw32/lib/chef/application/client.rb:434:in `run_application'
C:/opscode/chefdk/embedded/lib/ruby/gems/2.3.0/gems/chef-12.21.2-universal-mingw32/lib/chef/application.rb:59:in `run'
C:/opscode/chefdk/embedded/lib/ruby/gems/2.3.0/gems/chef-12.21.2-universal-mingw32/bin/chef-client:26:in `<top (required)>'
C:/opscode/chefdk/bin/chef-client:68:in `load'
C:/opscode/chefdk/bin/chef-client:68:in `<main>'