Generated at 2017-06-30 18:20:05 +0000
Chef::Exceptions::PrivateKeyMissing: I cannot read C:\chef\validation.pem, which you told me to use to sign requests!
C:/opscode/chefdk/embedded/lib/ruby/gems/2.3.0/gems/chef-12.21.2-universal-mingw32/lib/chef/http/authenticator.rb:86:in `rescue in load_signing_key'
C:/opscode/chefdk/embedded/lib/ruby/gems/2.3.0/gems/chef-12.21.2-universal-mingw32/lib/chef/http/authenticator.rb:76:in `load_signing_key'
C:/opscode/chefdk/embedded/lib/ruby/gems/2.3.0/gems/chef-12.21.2-universal-mingw32/lib/chef/http/authenticator.rb:40:in `initialize'
C:/opscode/chefdk/embedded/lib/ruby/gems/2.3.0/gems/chef-12.21.2-universal-mingw32/lib/chef/http.rb:98:in `new'
C:/opscode/chefdk/embedded/lib/ruby/gems/2.3.0/gems/chef-12.21.2-universal-mingw32/lib/chef/http.rb:98:in `block in initialize'
C:/opscode/chefdk/embedded/lib/ruby/gems/2.3.0/gems/chef-12.21.2-universal-mingw32/lib/chef/http.rb:97:in `each'
C:/opscode/chefdk/embedded/lib/ruby/gems/2.3.0/gems/chef-12.21.2-universal-mingw32/lib/chef/http.rb:97:in `initialize'
C:/opscode/chefdk/embedded/lib/ruby/gems/2.3.0/gems/chef-12.21.2-universal-mingw32/lib/chef/server_api.rb:37:in `initialize'
C:/opscode/chefdk/embedded/lib/ruby/gems/2.3.0/gems/chef-12.21.2-universal-mingw32/lib/chef/api_client/registration.rb:150:in `new'
C:/opscode/chefdk/embedded/lib/ruby/gems/2.3.0/gems/chef-12.21.2-universal-mingw32/lib/chef/api_client/registration.rb:150:in `http_api'
C:/opscode/chefdk/embedded/lib/ruby/gems/2.3.0/gems/chef-12.21.2-universal-mingw32/lib/chef/api_client/registration.rb:96:in `create'
C:/opscode/chefdk/embedded/lib/ruby/gems/2.3.0/gems/chef-12.21.2-universal-mingw32/lib/chef/api_client/registration.rb:87:in `create_or_update'
C:/opscode/chefdk/embedded/lib/ruby/gems/2.3.0/gems/chef-12.21.2-universal-mingw32/lib/chef/api_client/registration.rb:58:in `run'
C:/opscode/chefdk/embedded/lib/ruby/gems/2.3.0/gems/chef-12.21.2-universal-mingw32/lib/chef/client.rb:666:in `register'
C:/opscode/chefdk/embedded/lib/ruby/gems/2.3.0/gems/chef-12.21.2-universal-mingw32/lib/chef/client.rb:267:in `run'
C:/opscode/chefdk/embedded/lib/ruby/gems/2.3.0/gems/chef-12.21.2-universal-mingw32/lib/chef/application.rb:277:in `run_with_graceful_exit_option'
C:/opscode/chefdk/embedded/lib/ruby/gems/2.3.0/gems/chef-12.21.2-universal-mingw32/lib/chef/application.rb:253:in `block in run_chef_client'
C:/opscode/chefdk/embedded/lib/ruby/gems/2.3.0/gems/chef-12.21.2-universal-mingw32/lib/chef/local_mode.rb:44:in `with_server_connectivity'
C:/opscode/chefdk/embedded/lib/ruby/gems/2.3.0/gems/chef-12.21.2-universal-mingw32/lib/chef/application.rb:236:in `run_chef_client'
C:/opscode/chefdk/embedded/lib/ruby/gems/2.3.0/gems/chef-12.21.2-universal-mingw32/lib/chef/application/client.rb:464:in `sleep_then_run_chef_client'
C:/opscode/chefdk/embedded/lib/ruby/gems/2.3.0/gems/chef-12.21.2-universal-mingw32/lib/chef/application/client.rb:451:in `block in interval_run_chef_client'
C:/opscode/chefdk/embedded/lib/ruby/gems/2.3.0/gems/chef-12.21.2-universal-mingw32/lib/chef/application/client.rb:450:in `loop'
C:/opscode/chefdk/embedded/lib/ruby/gems/2.3.0/gems/chef-12.21.2-universal-mingw32/lib/chef/application/client.rb:450:in `interval_run_chef_client'
C:/opscode/chefdk/embedded/lib/ruby/gems/2.3.0/gems/chef-12.21.2-universal-mingw32/lib/chef/application/client.rb:434:in `run_application'
C:/opscode/chefdk/embedded/lib/ruby/gems/2.3.0/gems/chef-12.21.2-universal-mingw32/lib/chef/application.rb:59:in `run'
C:/opscode/chefdk/embedded/lib/ruby/gems/2.3.0/gems/chef-12.21.2-universal-mingw32/bin/chef-client:26:in `<top (required)>'
C:/opscode/chefdk/bin/chef-client:68:in `load'
C:/opscode/chefdk/bin/chef-client:68:in `<main>'

>>>> Caused by Errno::ENOENT: No such file or directory @ rb_sysopen - C:\chef\validation.pem
C:/opscode/chefdk/embedded/lib/ruby/gems/2.3.0/gems/chef-12.21.2-universal-mingw32/lib/chef/http/authenticator.rb:77:in `read'
C:/opscode/chefdk/embedded/lib/ruby/gems/2.3.0/gems/chef-12.21.2-universal-mingw32/lib/chef/http/authenticator.rb:77:in `load_signing_key'
C:/opscode/chefdk/embedded/lib/ruby/gems/2.3.0/gems/chef-12.21.2-universal-mingw32/lib/chef/http/authenticator.rb:40:in `initialize'
C:/opscode/chefdk/embedded/lib/ruby/gems/2.3.0/gems/chef-12.21.2-universal-mingw32/lib/chef/http.rb:98:in `new'
C:/opscode/chefdk/embedded/lib/ruby/gems/2.3.0/gems/chef-12.21.2-universal-mingw32/lib/chef/http.rb:98:in `block in initialize'
C:/opscode/chefdk/embedded/lib/ruby/gems/2.3.0/gems/chef-12.21.2-universal-mingw32/lib/chef/http.rb:97:in `each'
C:/opscode/chefdk/embedded/lib/ruby/gems/2.3.0/gems/chef-12.21.2-universal-mingw32/lib/chef/http.rb:97:in `initialize'
C:/opscode/chefdk/embedded/lib/ruby/gems/2.3.0/gems/chef-12.21.2-universal-mingw32/lib/chef/server_api.rb:37:in `initialize'
C:/opscode/chefdk/embedded/lib/ruby/gems/2.3.0/gems/chef-12.21.2-universal-mingw32/lib/chef/api_client/registration.rb:150:in `new'
C:/opscode/chefdk/embedded/lib/ruby/gems/2.3.0/gems/chef-12.21.2-universal-mingw32/lib/chef/api_client/registration.rb:150:in `http_api'
C:/opscode/chefdk/embedded/lib/ruby/gems/2.3.0/gems/chef-12.21.2-universal-mingw32/lib/chef/api_client/registration.rb:96:in `create'
C:/opscode/chefdk/embedded/lib/ruby/gems/2.3.0/gems/chef-12.21.2-universal-mingw32/lib/chef/api_client/registration.rb:87:in `create_or_update'
C:/opscode/chefdk/embedded/lib/ruby/gems/2.3.0/gems/chef-12.21.2-universal-mingw32/lib/chef/api_client/registration.rb:58:in `run'
C:/opscode/chefdk/embedded/lib/ruby/gems/2.3.0/gems/chef-12.21.2-universal-mingw32/lib/chef/client.rb:666:in `register'
C:/opscode/chefdk/embedded/lib/ruby/gems/2.3.0/gems/chef-12.21.2-universal-mingw32/lib/chef/client.rb:267:in `run'
C:/opscode/chefdk/embedded/lib/ruby/gems/2.3.0/gems/chef-12.21.2-universal-mingw32/lib/chef/application.rb:277:in `run_with_graceful_exit_option'
C:/opscode/chefdk/embedded/lib/ruby/gems/2.3.0/gems/chef-12.21.2-universal-mingw32/lib/chef/application.rb:253:in `block in run_chef_client'
C:/opscode/chefdk/embedded/lib/ruby/gems/2.3.0/gems/chef-12.21.2-universal-mingw32/lib/chef/local_mode.rb:44:in `with_server_connectivity'
C:/opscode/chefdk/embedded/lib/ruby/gems/2.3.0/gems/chef-12.21.2-universal-mingw32/lib/chef/application.rb:236:in `run_chef_client'
C:/opscode/chefdk/embedded/lib/ruby/gems/2.3.0/gems/chef-12.21.2-universal-mingw32/lib/chef/application/client.rb:464:in `sleep_then_run_chef_client'
C:/opscode/chefdk/embedded/lib/ruby/gems/2.3.0/gems/chef-12.21.2-universal-mingw32/lib/chef/application/client.rb:451:in `block in interval_run_chef_client'
C:/opscode/chefdk/embedded/lib/ruby/gems/2.3.0/gems/chef-12.21.2-universal-mingw32/lib/chef/application/client.rb:450:in `loop'
C:/opscode/chefdk/embedded/lib/ruby/gems/2.3.0/gems/chef-12.21.2-universal-mingw32/lib/chef/application/client.rb:450:in `interval_run_chef_client'
C:/opscode/chefdk/embedded/lib/ruby/gems/2.3.0/gems/chef-12.21.2-universal-mingw32/lib/chef/application/client.rb:434:in `run_application'
C:/opscode/chefdk/embedded/lib/ruby/gems/2.3.0/gems/chef-12.21.2-universal-mingw32/lib/chef/application.rb:59:in `run'
C:/opscode/chefdk/embedded/lib/ruby/gems/2.3.0/gems/chef-12.21.2-universal-mingw32/bin/chef-client:26:in `<top (required)>'
C:/opscode/chefdk/bin/chef-client:68:in `load'
C:/opscode/chefdk/bin/chef-client:68:in `<main>'